#
# A fatal error has been detected by the Java Runtime Environment:
#
#  Internal Error (javaCalls.cpp:51), pid=36015, tid=0x0000000000004f03
#  guarantee(thread->is_Java_thread()) failed: crucial check - the VM thread cannot and must not escape to Java code
#
# JRE version: Java(TM) SE Runtime Environment (8.0_181-b13) (build 1.8.0_181-b13)
# Java VM: Java HotSpot(TM) 64-Bit Server VM (25.181-b13 mixed mode bsd-amd64 compressed oops)
# Failed to write core dump. Core dumps have been disabled. To enable core dumping, try "ulimit -c unlimited" before starting Java again
#
# If you would like to submit a bug report, please visit:
#   http://bugreport.java.com/bugreport/crash.jsp
#

---------------  T H R E A D  ---------------

Current thread (0x00007fdb5b023800):  VMThread [stack: 0x0000700003bac000,0x0000700003cac000] [id=20227]

Stack: [0x0000700003bac000,0x0000700003cac000],  sp=0x0000700003caaaa0,  free space=1018k
Native frames: (J=compiled Java code, j=interpreted, Vv=VM code, C=native code)
V  [libjvm.dylib+0x5b581a]  VMError::report_and_die()+0x3f8
V  [libjvm.dylib+0x1e9185]  report_vm_error(char const*, int, char const*, char const*)+0x54
V  [libjvm.dylib+0x2ef35c]  JavaCallWrapper::JavaCallWrapper(methodHandle, Handle, JavaValue*, Thread*)+0x64
V  [libjvm.dylib+0x2efc14]  JavaCalls::call_helper(JavaValue*, methodHandle*, JavaCallArguments*, Thread*)+0x608
V  [libjvm.dylib+0x2f0147]  JavaCalls::call_special(JavaValue*, KlassHandle, Symbol*, Symbol*, JavaCallArguments*, Thread*)+0x111
V  [libjvm.dylib+0x243b41]  Exceptions::new_exception(Thread*, Symbol*, Symbol*, JavaCallArguments*, Handle, Handle)+0xc7
V  [libjvm.dylib+0x243c3c]  Exceptions::new_exception(Thread*, Symbol*, Symbol*, JavaCallArguments*, Handle, Handle, Handle)+0x28
V  [libjvm.dylib+0x243e9b]  Exceptions::new_exception(Thread*, Symbol*, char const*, Handle, Handle, Handle, Exceptions::ExceptionMsgToUtf8Mode)+0x169
V  [libjvm.dylib+0x243eb6]  Exceptions::new_exception(Thread*, Symbol*, char const*, Exceptions::ExceptionMsgToUtf8Mode)+0x18
V  [libjvm.dylib+0x287b87]  GenerateOopMap::verify_error(char const*, ...)+0xed
V  [libjvm.dylib+0x28801b]  GenerateOopMap::get_var(int)+0x1d
V  [libjvm.dylib+0x28890d]  GenerateOopMap::ppload(CellTypeState*, int)+0x29
V  [libjvm.dylib+0x28a7ec]  GenerateOopMap::interp_bb(BasicBlock*)+0x104
V  [libjvm.dylib+0x28aa3b]  GenerateOopMap::interp_all()+0x31
V  [libjvm.dylib+0x28afd2]  GenerateOopMap::do_interpretation()+0x44
V  [libjvm.dylib+0x28b3eb]  GenerateOopMap::compute_map(Thread*)+0x1fb
V  [libjvm.dylib+0x485331]  OopMapForCacheEntry::compute_map(Thread*)+0x8f
V  [libjvm.dylib+0x48553a]  OopMapCacheEntry::fill(methodHandle, int)+0x19e
V  [libjvm.dylib+0x48571b]  OopMapCache::compute_one_oop_map(methodHandle, int, InterpreterOopMap*)+0x16b
V  [libjvm.dylib+0x4859d2]  OopMapCache::lookup(methodHandle, int, InterpreterOopMap*) const+0x25c
V  [libjvm.dylib+0x2c2b04]  InstanceKlass::mask_for(methodHandle, int, InterpreterOopMap*)+0xd2
V  [libjvm.dylib+0x45306d]  Method::mask_for(int, InterpreterOopMap*)+0xb3
V  [libjvm.dylib+0x39afbf]  VM_GetOrSetLocal::doit()+0x47
V  [libjvm.dylib+0x5bd499]  VM_Operation::evaluate()+0x4f
V  [libjvm.dylib+0x5bba31]  VMThread::evaluate_operation(VM_Operation*)+0xdf
V  [libjvm.dylib+0x5bbe7e]  VMThread::loop()+0x328
V  [libjvm.dylib+0x5bb79d]  VMThread::run()+0x79
V  [libjvm.dylib+0x48e342]  java_start(Thread*)+0xf6
C  [libsystem_pthread.dylib+0x3339]  _pthread_body+0x7e
C  [libsystem_pthread.dylib+0x62a7]  _pthread_start+0x46
C  [libsystem_pthread.dylib+0x2445]  thread_start+0xd

VM_Operation (0x00007000040b7958): GetOrSetLocal, mode: safepoint, requested by thread 0x00007fdb5a839000


---------------  P R O C E S S  ---------------

Java Threads: ( => current thread )
  0x00007fdb5a83c800 JavaThread "Service Thread" daemon [_thread_blocked, id=22275, stack(0x00007000046cd000,0x00007000047cd000)]
  0x00007fdb5c872800 JavaThread "C1 CompilerThread3" daemon [_thread_blocked, id=21763, stack(0x00007000045ca000,0x00007000046ca000)]
  0x00007fdb5c871800 JavaThread "C2 CompilerThread2" daemon [_thread_blocked, id=16131, stack(0x00007000044c7000,0x00007000045c7000)]
  0x00007fdb5c831800 JavaThread "C2 CompilerThread1" daemon [_thread_blocked, id=16387, stack(0x00007000043c4000,0x00007000044c4000)]
  0x00007fdb5b030000 JavaThread "C2 CompilerThread0" daemon [_thread_blocked, id=15363, stack(0x00007000042c1000,0x00007000043c1000)]
  0x00007fdb5c82f800 JavaThread "JDWP Command Reader" daemon [_thread_in_native, id=15107, stack(0x00007000041be000,0x00007000042be000)]
  0x00007fdb5a83a000 JavaThread "JDWP Event Helper Thread" daemon [_thread_blocked, id=17411, stack(0x00007000040bb000,0x00007000041bb000)]
  0x00007fdb5a839000 JavaThread "JDWP Transport Listener: dt_socket" daemon [_thread_blocked, id=17671, stack(0x0000700003fb8000,0x00007000040b8000)]
  0x00007fdb5b02a000 JavaThread "Signal Dispatcher" daemon [_thread_blocked, id=18179, stack(0x0000700003eb5000,0x0000700003fb5000)]
  0x00007fdb5a818000 JavaThread "Finalizer" daemon [_thread_blocked, id=13571, stack(0x0000700003db2000,0x0000700003eb2000)]
  0x00007fdb5a817000 JavaThread "Reference Handler" daemon [_thread_blocked, id=13315, stack(0x0000700003caf000,0x0000700003daf000)]
  0x00007fdb5d001800 JavaThread "main" [_thread_blocked, id=6659, stack(0x0000700003291000,0x0000700003391000)]

Other Threads:
=>0x00007fdb5b023800 VMThread [stack: 0x0000700003bac000,0x0000700003cac000] [id=20227]
  0x00007fdb5c82f000 WatcherThread [stack: 0x00007000047d0000,0x00007000048d0000] [id=22531]

VM state:at safepoint (normal execution)

VM Mutex/Monitor currently owned by a thread:  ([mutex/lock_event])
[0x00007fdb5a60d4d0] Threads_lock - owner thread: 0x00007fdb5b023800

Heap:
 PSYoungGen      total 76288K, used 7902K [0x000000076ab00000, 0x0000000770000000, 0x00000007c0000000)
  eden space 65536K, 12% used [0x000000076ab00000,0x000000076b2b7ae0,0x000000076eb00000)
  from space 10752K, 0% used [0x000000076f580000,0x000000076f580000,0x0000000770000000)
  to   space 10752K, 0% used [0x000000076eb00000,0x000000076eb00000,0x000000076f580000)
 ParOldGen       total 175104K, used 0K [0x00000006c0000000, 0x00000006cab00000, 0x000000076ab00000)
  object space 175104K, 0% used [0x00000006c0000000,0x00000006c0000000,0x00000006cab00000)
 Metaspace       used 4862K, capacity 4946K, committed 5248K, reserved 1056768K
  class space    used 514K, capacity 561K, committed 640K, reserved 1048576K

Card table byte_map: [0x0000000111374000,0x0000000111b75000] byte_map_base: 0x000000010dd74000

Marking Bits: (ParMarkBitMap*) 0x00000001108f9cd0
 Begin Bits: [0x000000012879a000, 0x000000012c79a000)
 End Bits:   [0x000000012c79a000, 0x000000013079a000)

Polling page: 0x000000010eebe000

CodeCache: size=245760Kb used=1292Kb max_used=1304Kb free=244467Kb
 bounds [0x000000011979a000, 0x0000000119a0a000, 0x000000012879a000]
 total_blobs=385 nmethods=105 adapters=202
 compilation: enabled

Compilation events (10 events):
Event: 98.316 Thread 0x00007fdb5c872800  101       3       org.eclipse.jdt.launching.internal.org.objectweb.asm.SymbolTable::get (13 bytes)
Event: 98.316 Thread 0x00007fdb5c872800 nmethod 101 0x00000001198ddf90 code [0x00000001198de100, 0x00000001198de2b0]
Event: 122.029 Thread 0x00007fdb5c872800  104       3       java.lang.Math::max (11 bytes)
Event: 122.029 Thread 0x00007fdb5c872800 nmethod 104 0x00000001198ddc10 code [0x00000001198ddd80, 0x00000001198ddf10]
Event: 122.029 Thread 0x00007fdb5c872800  102       3       org.eclipse.jdt.launching.internal.org.objectweb.asm.SymbolTable::hash (10 bytes)
Event: 122.030 Thread 0x00007fdb5c872800 nmethod 102 0x00000001198dd7d0 code [0x00000001198dd940, 0x00000001198ddb48]
Event: 122.030 Thread 0x00007fdb5c872800  103       3       org.eclipse.jdt.launching.internal.org.objectweb.asm.ClassReader::readUTF8 (23 bytes)
Event: 122.030 Thread 0x00007fdb5c872800 nmethod 103 0x00000001198dd110 code [0x00000001198dd2a0, 0x00000001198dd628]
Event: 153.527 Thread 0x00007fdb5c871800  105       4       org.eclipse.jdt.launching.internal.org.objectweb.asm.ClassReader::readUnsignedShort (26 bytes)
Event: 153.529 Thread 0x00007fdb5c871800 nmethod 105 0x00000001198e0710 code [0x00000001198e0860, 0x00000001198e0978]

GC Heap History (0 events):
No events

Deoptimization events (0 events):
No events

Classes redefined (5 events):
Event: 79.604 Thread 0x00007fdb5b023800 redefined class name=HasTeen, count=1
Event: 88.838 Thread 0x00007fdb5b023800 redefined class name=HasTeen, count=2
Event: 98.316 Thread 0x00007fdb5b023800 redefined class name=HasTeen, count=3
Event: 122.030 Thread 0x00007fdb5b023800 redefined class name=HasTeen, count=4
Event: 153.528 Thread 0x00007fdb5b023800 redefined class name=HasTeen, count=5

Internal exceptions (2 events):
Event: 0.035 Thread 0x00007fdb5d001800 Exception <a 'java/lang/NoSuchMethodError': Method sun.misc.Unsafe.defineClass(Ljava/lang/String;[BII)Ljava/lang/Class; name or signature does not match> (0x000000076ab07cb0) thrown at [/Users/java_re/workspace/8-2-build-macosx-x86_64/jdk8u181/11358/hotsp
Event: 0.035 Thread 0x00007fdb5d001800 Exception <a 'java/lang/NoSuchMethodError': Method sun.misc.Unsafe.prefetchRead(Ljava/lang/Object;J)V name or signature does not match> (0x000000076ab07f98) thrown at [/Users/java_re/workspace/8-2-build-macosx-x86_64/jdk8u181/11358/hotspot/src/share/vm/pr

Events (10 events):
Event: 10187.015 Executing VM operation: GetOwnedMonitorInfo done
Event: 10187.016 Executing VM operation: GetOwnedMonitorInfo
Event: 10187.016 Executing VM operation: GetOwnedMonitorInfo done
Event: 10187.033 Executing VM operation: GetCurrentContendedMonitor
Event: 10187.033 Executing VM operation: GetCurrentContendedMonitor done
Event: 10187.130 Executing VM operation: GetOwnedMonitorInfo
Event: 10187.130 Executing VM operation: GetOwnedMonitorInfo done
Event: 10187.130 Executing VM operation: GetCurrentContendedMonitor
Event: 10187.130 Executing VM operation: GetCurrentContendedMonitor done
Event: 10187.224 Executing VM operation: GetOrSetLocal


Dynamic libraries:
0x00007fff4a9fa000 	/System/Library/Frameworks/Cocoa.framework/Versions/A/Cocoa
0x00007fff56ca4000 	/System/Library/Frameworks/Security.framework/Versions/A/Security
0x00007fff49604000 	/System/Library/Frameworks/ApplicationServices.framework/Versions/A/ApplicationServices
0x00007fff78233000 	/usr/lib/libz.1.dylib
0x00007fff758aa000 	/usr/lib/libSystem.B.dylib
0x00007fff77350000 	/usr/lib/libobjc.A.dylib
0x00007fff4b21d000 	/System/Library/Frameworks/CoreFoundation.framework/Versions/A/CoreFoundation
0x00007fff4d5a2000 	/System/Library/Frameworks/Foundation.framework/Versions/C/Foundation
0x00007fff48792000 	/System/Library/Frameworks/AppKit.framework/Versions/C/AppKit
0x00007fff4ad91000 	/System/Library/Frameworks/CoreData.framework/Versions/A/CoreData
0x00007fff6ea90000 	/System/Library/PrivateFrameworks/RemoteViewServices.framework/Versions/A/RemoteViewServices
0x00007fff7357f000 	/System/Library/PrivateFrameworks/UIFoundation.framework/Versions/A/UIFoundation
0x00007fff74d31000 	/System/Library/PrivateFrameworks/XCTTargetBootstrap.framework/Versions/A/XCTTargetBootstrap
0x00007fff695a6000 	/System/Library/PrivateFrameworks/IconServices.framework/Versions/A/IconServices
0x00007fff4fe5d000 	/System/Library/Frameworks/Metal.framework/Versions/A/Metal
0x00007fff607b0000 	/System/Library/PrivateFrameworks/DesktopServicesPriv.framework/Versions/A/DesktopServicesPriv
0x00007fff76664000 	/usr/lib/libenergytrace.dylib
0x00007fff712f4000 	/System/Library/PrivateFrameworks/SkyLight.framework/Versions/A/SkyLight
0x00007fff4b66c000 	/System/Library/Frameworks/CoreGraphics.framework/Versions/A/CoreGraphics
0x00007fff4754d000 	/System/Library/Frameworks/Accelerate.framework/Versions/A/Accelerate
0x00007fff4dd2b000 	/System/Library/Frameworks/IOSurface.framework/Versions/A/IOSurface
0x00007fff60612000 	/System/Library/PrivateFrameworks/DFRFoundation.framework/Versions/A/DFRFoundation
0x00007fff49b09000 	/System/Library/Frameworks/AudioToolbox.framework/Versions/A/AudioToolbox
0x00007fff49da7000 	/System/Library/Frameworks/AudioUnit.framework/Versions/A/AudioUnit
0x00007fff606a9000 	/System/Library/PrivateFrameworks/DataDetectorsCore.framework/Versions/A/DataDetectorsCore
0x00007fff4a4e6000 	/System/Library/Frameworks/Carbon.framework/Versions/A/Frameworks/HIToolbox.framework/Versions/A/HIToolbox
0x00007fff767bf000 	/usr/lib/libicucore.A.dylib
0x00007fff561fe000 	/System/Library/Frameworks/QuartzCore.framework/Versions/A/QuartzCore
0x00007fff4a8cd000 	/System/Library/Frameworks/Carbon.framework/Versions/A/Frameworks/SpeechRecognition.framework/Versions/A/SpeechRecognition
0x00007fff75a0d000 	/usr/lib/libauto.dylib
0x00007fff78126000 	/usr/lib/libxml2.2.dylib
0x00007fff60211000 	/System/Library/PrivateFrameworks/CoreUI.framework/Versions/A/CoreUI
0x00007fff4ac6f000 	/System/Library/Frameworks/CoreAudio.framework/Versions/A/CoreAudio
0x00007fff4d3d4000 	/System/Library/Frameworks/DiskArbitration.framework/Versions/A/DiskArbitration
0x00007fff76a6f000 	/usr/lib/liblangid.dylib
0x00007fff6aa52000 	/System/Library/PrivateFrameworks/MultitouchSupport.framework/Versions/A/MultitouchSupport
0x00007fff4dc97000 	/System/Library/Frameworks/IOKit.framework/Versions/A/IOKit
0x00007fff754f8000 	/usr/lib/libDiagnosticMessagesClient.dylib
0x00007fff4c4da000 	/System/Library/Frameworks/CoreServices.framework/Versions/A/CoreServices
0x00007fff6c781000 	/System/Library/PrivateFrameworks/PerformanceAnalysis.framework/Versions/A/PerformanceAnalysis
0x00007fff55393000 	/System/Library/Frameworks/OpenGL.framework/Versions/A/OpenGL
0x00007fff4aa08000 	/System/Library/Frameworks/ColorSync.framework/Versions/A/ColorSync
0x00007fff4bcfb000 	/System/Library/Frameworks/CoreImage.framework/Versions/A/CoreImage
0x00007fff4cf1d000 	/System/Library/Frameworks/CoreText.framework/Versions/A/CoreText
0x00007fff4dd8c000 	/System/Library/Frameworks/ImageIO.framework/Versions/A/ImageIO
0x00007fff5c86a000 	/System/Library/PrivateFrameworks/Backup.framework/Versions/A/Backup
0x00007fff75960000 	/usr/lib/libarchive.2.dylib
0x00007fff4a10b000 	/System/Library/Frameworks/CFNetwork.framework/Versions/A/CFNetwork
0x00007fff5744d000 	/System/Library/Frameworks/SystemConfiguration.framework/Versions/A/SystemConfiguration
0x00007fff75421000 	/usr/lib/libCRFSuite.dylib
0x00007fff75b04000 	/usr/lib/libc++.1.dylib
0x00007fff75b5c000 	/usr/lib/libc++abi.dylib
0x00007fff782b6000 	/usr/lib/system/libcache.dylib
0x00007fff782bb000 	/usr/lib/system/libcommonCrypto.dylib
0x00007fff782c6000 	/usr/lib/system/libcompiler_rt.dylib
0x00007fff782ce000 	/usr/lib/system/libcopyfile.dylib
0x00007fff782d8000 	/usr/lib/system/libcorecrypto.dylib
0x00007fff783e3000 	/usr/lib/system/libdispatch.dylib
0x00007fff7841e000 	/usr/lib/system/libdyld.dylib
0x00007fff7844e000 	/usr/lib/system/libkeymgr.dylib
0x00007fff7845c000 	/usr/lib/system/liblaunch.dylib
0x00007fff7845d000 	/usr/lib/system/libmacho.dylib
0x00007fff78463000 	/usr/lib/system/libquarantine.dylib
0x00007fff78466000 	/usr/lib/system/libremovefile.dylib
0x00007fff78468000 	/usr/lib/system/libsystem_asl.dylib
0x00007fff78480000 	/usr/lib/system/libsystem_blocks.dylib
0x00007fff78481000 	/usr/lib/system/libsystem_c.dylib
0x00007fff7850a000 	/usr/lib/system/libsystem_configuration.dylib
0x00007fff7850e000 	/usr/lib/system/libsystem_coreservices.dylib
0x00007fff78512000 	/usr/lib/system/libsystem_darwin.dylib
0x00007fff78519000 	/usr/lib/system/libsystem_dnssd.dylib
0x00007fff78520000 	/usr/lib/system/libsystem_info.dylib
0x00007fff78595000 	/usr/lib/system/libsystem_m.dylib
0x00007fff785e1000 	/usr/lib/system/libsystem_malloc.dylib
0x00007fff78606000 	/usr/lib/system/libsystem_networkextension.dylib
0x00007fff78612000 	/usr/lib/system/libsystem_notify.dylib
0x00007fff7862f000 	/usr/lib/system/libsystem_sandbox.dylib
0x00007fff78633000 	/usr/lib/system/libsystem_secinit.dylib
0x00007fff7856d000 	/usr/lib/system/libsystem_kernel.dylib
0x00007fff7861a000 	/usr/lib/system/libsystem_platform.dylib
0x00007fff78624000 	/usr/lib/system/libsystem_pthread.dylib
0x00007fff78636000 	/usr/lib/system/libsystem_symptoms.dylib
0x00007fff7863e000 	/usr/lib/system/libsystem_trace.dylib
0x00007fff78655000 	/usr/lib/system/libunwind.dylib
0x00007fff7865b000 	/usr/lib/system/libxpc.dylib
0x00007fff75ae4000 	/usr/lib/libbsm.0.dylib
0x00007fff7844f000 	/usr/lib/system/libkxld.dylib
0x00007fff5bb18000 	/System/Library/PrivateFrameworks/AppleFSCompression.framework/Versions/A/AppleFSCompression
0x00007fff75769000 	/usr/lib/libOpenScriptingUtil.dylib
0x00007fff75e47000 	/usr/lib/libcoretls.dylib
0x00007fff75e5e000 	/usr/lib/libcoretls_cfhelpers.dylib
0x00007fff77ae9000 	/usr/lib/libpam.2.dylib
0x00007fff77cac000 	/usr/lib/libsqlite3.dylib
0x00007fff78114000 	/usr/lib/libxar.1.dylib
0x00007fff75af5000 	/usr/lib/libbz2.1.0.dylib
0x00007fff76a71000 	/usr/lib/liblzma.5.dylib
0x00007fff76f67000 	/usr/lib/libnetwork.dylib
0x00007fff75949000 	/usr/lib/libapple_nghttp2.dylib
0x00007fff77af0000 	/usr/lib/libpcap.A.dylib
0x00007fff4c87e000 	/System/Library/Frameworks/CoreServices.framework/Versions/A/Frameworks/FSEvents.framework/Versions/A/FSEvents
0x00007fff4c55a000 	/System/Library/Frameworks/CoreServices.framework/Versions/A/Frameworks/CarbonCore.framework/Versions/A/CarbonCore
0x00007fff4ca53000 	/System/Library/Frameworks/CoreServices.framework/Versions/A/Frameworks/Metadata.framework/Versions/A/Metadata
0x00007fff4caf6000 	/System/Library/Frameworks/CoreServices.framework/Versions/A/Frameworks/OSServices.framework/Versions/A/OSServices
0x00007fff4cb42000 	/System/Library/Frameworks/CoreServices.framework/Versions/A/Frameworks/SearchKit.framework/Versions/A/SearchKit
0x00007fff4c4db000 	/System/Library/Frameworks/CoreServices.framework/Versions/A/Frameworks/AE.framework/Versions/A/AE
0x00007fff4c887000 	/System/Library/Frameworks/CoreServices.framework/Versions/A/Frameworks/LaunchServices.framework/Versions/A/LaunchServices
0x00007fff4c833000 	/System/Library/Frameworks/CoreServices.framework/Versions/A/Frameworks/DictionaryServices.framework/Versions/A/DictionaryServices
0x00007fff4cbb1000 	/System/Library/Frameworks/CoreServices.framework/Versions/A/Frameworks/SharedFileList.framework/Versions/A/SharedFileList
0x00007fff51324000 	/System/Library/Frameworks/NetFS.framework/Versions/A/NetFS
0x00007fff6acef000 	/System/Library/PrivateFrameworks/NetAuth.framework/Versions/A/NetAuth
0x00007fff75165000 	/System/Library/PrivateFrameworks/login.framework/Versions/A/Frameworks/loginsupport.framework/Versions/A/loginsupport
0x00007fff73178000 	/System/Library/PrivateFrameworks/TCC.framework/Versions/A/TCC
0x00007fff5f834000 	/System/Library/PrivateFrameworks/CoreNLP.framework/Versions/A/CoreNLP
0x00007fff6a744000 	/System/Library/PrivateFrameworks/MetadataUtilities.framework/Versions/A/MetadataUtilities
0x00007fff76b52000 	/usr/lib/libmecabra.dylib
0x00007fff49605000 	/System/Library/Frameworks/ApplicationServices.framework/Versions/A/Frameworks/ATS.framework/Versions/A/ATS
0x00007fff49970000 	/System/Library/Frameworks/ApplicationServices.framework/Versions/A/Frameworks/ColorSyncLegacy.framework/Versions/A/ColorSyncLegacy
0x00007fff49a11000 	/System/Library/Frameworks/ApplicationServices.framework/Versions/A/Frameworks/HIServices.framework/Versions/A/HIServices
0x00007fff49a64000 	/System/Library/Frameworks/ApplicationServices.framework/Versions/A/Frameworks/LangAnalysis.framework/Versions/A/LangAnalysis
0x00007fff49a73000 	/System/Library/Frameworks/ApplicationServices.framework/Versions/A/Frameworks/PrintCore.framework/Versions/A/PrintCore
0x00007fff49ac0000 	/System/Library/Frameworks/ApplicationServices.framework/Versions/A/Frameworks/QD.framework/Versions/A/QD
0x00007fff49afc000 	/System/Library/Frameworks/ApplicationServices.framework/Versions/A/Frameworks/SpeechSynthesis.framework/Versions/A/SpeechSynthesis
0x00007fff75b84000 	/usr/lib/libcompression.dylib
0x00007fff4b133000 	/System/Library/Frameworks/CoreDisplay.framework/Versions/A/CoreDisplay
0x00007fff50125000 	/System/Library/Frameworks/MetalPerformanceShaders.framework/Versions/A/MetalPerformanceShaders
0x00007fff47565000 	/System/Library/Frameworks/Accelerate.framework/Versions/A/Frameworks/vImage.framework/Versions/A/vImage
0x00007fff485e1000 	/System/Library/Frameworks/Accelerate.framework/Versions/A/Frameworks/vecLib.framework/Versions/A/vecLib
0x00007fff4852b000 	/System/Library/Frameworks/Accelerate.framework/Versions/A/Frameworks/vecLib.framework/Versions/A/libvMisc.dylib
0x00007fff48346000 	/System/Library/Frameworks/Accelerate.framework/Versions/A/Frameworks/vecLib.framework/Versions/A/libvDSP.dylib
0x00007fff47c06000 	/System/Library/Frameworks/Accelerate.framework/Versions/A/Frameworks/vecLib.framework/Versions/A/libBLAS.dylib
0x00007fff47ef1000 	/System/Library/Frameworks/Accelerate.framework/Versions/A/Frameworks/vecLib.framework/Versions/A/libLAPACK.dylib
0x00007fff48298000 	/System/Library/Frameworks/Accelerate.framework/Versions/A/Frameworks/vecLib.framework/Versions/A/libLinearAlgebra.dylib
0x00007fff48332000 	/System/Library/Frameworks/Accelerate.framework/Versions/A/Frameworks/vecLib.framework/Versions/A/libSparseBLAS.dylib
0x00007fff482ae000 	/System/Library/Frameworks/Accelerate.framework/Versions/A/Frameworks/vecLib.framework/Versions/A/libQuadrature.dylib
0x00007fff47e7e000 	/System/Library/Frameworks/Accelerate.framework/Versions/A/Frameworks/vecLib.framework/Versions/A/libBNNS.dylib
0x00007fff482b4000 	/System/Library/Frameworks/Accelerate.framework/Versions/A/Frameworks/vecLib.framework/Versions/A/libSparse.dylib
0x00007fff66d41000 	/System/Library/PrivateFrameworks/GPUWrangler.framework/Versions/A/GPUWrangler
0x00007fff6916d000 	/System/Library/PrivateFrameworks/IOAccelerator.framework/Versions/A/IOAccelerator
0x00007fff69178000 	/System/Library/PrivateFrameworks/IOPresentment.framework/Versions/A/IOPresentment
0x00007fff60622000 	/System/Library/PrivateFrameworks/DSExternalDisplay.framework/Versions/A/DSExternalDisplay
0x00007fff547d8000 	/System/Library/Frameworks/OpenGL.framework/Versions/A/Libraries/libCoreFSCache.dylib
0x00007fff4ff0d000 	/System/Library/Frameworks/MetalPerformanceShaders.framework/Frameworks/MPSCore.framework/Versions/A/MPSCore
0x00007fff4ff2e000 	/System/Library/Frameworks/MetalPerformanceShaders.framework/Frameworks/MPSImage.framework/Versions/A/MPSImage
0x00007fff4ffd6000 	/System/Library/Frameworks/MetalPerformanceShaders.framework/Frameworks/MPSNeuralNetwork.framework/Versions/A/MPSNeuralNetwork
0x00007fff4ffad000 	/System/Library/Frameworks/MetalPerformanceShaders.framework/Frameworks/MPSMatrix.framework/Versions/A/MPSMatrix
0x00007fff50109000 	/System/Library/Frameworks/MetalPerformanceShaders.framework/Frameworks/MPSRayIntersector.framework/Versions/A/MPSRayIntersector
0x00007fff6a76d000 	/System/Library/PrivateFrameworks/MetalTools.framework/Versions/A/MetalTools
0x00007fff5b213000 	/System/Library/PrivateFrameworks/AggregateDictionary.framework/Versions/A/AggregateDictionary
0x00007fff75749000 	/usr/lib/libMobileGestalt.dylib
0x00007fff4d083000 	/System/Library/Frameworks/CoreVideo.framework/Versions/A/CoreVideo
0x00007fff67bac000 	/System/Library/PrivateFrameworks/GraphVisualizer.framework/Versions/A/GraphVisualizer
0x00007fff61951000 	/System/Library/PrivateFrameworks/FaceCore.framework/Versions/A/FaceCore
0x00007fff53df0000 	/System/Library/Frameworks/OpenCL.framework/Versions/A/OpenCL
0x00007fff75530000 	/usr/lib/libFosl_dynamic.dylib
0x00007fff6b5c5000 	/System/Library/PrivateFrameworks/OTSVG.framework/Versions/A/OTSVG
0x00007fff49709000 	/System/Library/Frameworks/ApplicationServices.framework/Versions/A/Frameworks/ATS.framework/Versions/A/Resources/libFontParser.dylib
0x00007fff49829000 	/System/Library/Frameworks/ApplicationServices.framework/Versions/A/Frameworks/ATS.framework/Versions/A/Resources/libFontRegistry.dylib
0x00007fff4e016000 	/System/Library/Frameworks/ImageIO.framework/Versions/A/Resources/libJPEG.dylib
0x00007fff4e338000 	/System/Library/Frameworks/ImageIO.framework/Versions/A/Resources/libTIFF.dylib
0x00007fff4e30e000 	/System/Library/Frameworks/ImageIO.framework/Versions/A/Resources/libPng.dylib
0x00007fff4df2b000 	/System/Library/Frameworks/ImageIO.framework/Versions/A/Resources/libGIF.dylib
0x00007fff4df30000 	/System/Library/Frameworks/ImageIO.framework/Versions/A/Resources/libJP2.dylib
0x00007fff4e335000 	/System/Library/Frameworks/ImageIO.framework/Versions/A/Resources/libRadiance.dylib
0x00007fff5bc71000 	/System/Library/PrivateFrameworks/AppleJPEG.framework/Versions/A/AppleJPEG
0x00007fff547e3000 	/System/Library/Frameworks/OpenGL.framework/Versions/A/Libraries/libGFXShared.dylib
0x00007fff549a6000 	/System/Library/Frameworks/OpenGL.framework/Versions/A/Libraries/libGLU.dylib
0x00007fff547ec000 	/System/Library/Frameworks/OpenGL.framework/Versions/A/Libraries/libGL.dylib
0x00007fff547f8000 	/System/Library/Frameworks/OpenGL.framework/Versions/A/Libraries/libGLImage.dylib
0x00007fff547d5000 	/System/Library/Frameworks/OpenGL.framework/Versions/A/Libraries/libCVMSPluginSupport.dylib
0x00007fff547de000 	/System/Library/Frameworks/OpenGL.framework/Versions/A/Libraries/libCoreVMClient.dylib
0x00007fff764d6000 	/usr/lib/libcups.2.dylib
0x00007fff4f423000 	/System/Library/Frameworks/Kerberos.framework/Versions/A/Kerberos
0x00007fff4d9e1000 	/System/Library/Frameworks/GSS.framework/Versions/A/GSS
0x00007fff77c40000 	/usr/lib/libresolv.9.dylib
0x00007fff766cd000 	/usr/lib/libiconv.2.dylib
0x00007fff67d0c000 	/System/Library/PrivateFrameworks/Heimdal.framework/Versions/A/Heimdal
0x00007fff7669c000 	/usr/lib/libheimdal-asn1.dylib
0x00007fff53e66000 	/System/Library/Frameworks/OpenDirectory.framework/Versions/A/OpenDirectory
0x00007fff5e52f000 	/System/Library/PrivateFrameworks/CommonAuth.framework/Versions/A/CommonAuth
0x00007fff53e49000 	/System/Library/Frameworks/OpenDirectory.framework/Versions/A/Frameworks/CFOpenDirectory.framework/Versions/A/CFOpenDirectory
0x00007fff56fcb000 	/System/Library/Frameworks/SecurityFoundation.framework/Versions/A/SecurityFoundation
0x00007fff5a724000 	/System/Library/PrivateFrameworks/APFS.framework/Versions/A/APFS
0x00007fff78110000 	/usr/lib/libutil.dylib
0x00007fff75b72000 	/usr/lib/libcharset.1.dylib
0x00007fff5bf0c000 	/System/Library/PrivateFrameworks/AppleSauce.framework/Versions/A/AppleSauce
0x00007fff5c09a000 	/System/Library/PrivateFrameworks/AssertionServices.framework/Versions/A/AssertionServices
0x00007fff5c90d000 	/System/Library/PrivateFrameworks/BaseBoard.framework/Versions/A/BaseBoard
0x00007fff76aa1000 	/usr/lib/libmecab.1.0.0.dylib
0x00007fff76696000 	/usr/lib/libgermantok.dylib
0x00007fff75935000 	/usr/lib/libThaiTokenizer.dylib
0x00007fff7545c000 	/usr/lib/libChineseTokenizer.dylib
0x00007fff698a2000 	/System/Library/PrivateFrameworks/LanguageModeling.framework/Versions/A/LanguageModeling
0x00007fff5f24a000 	/System/Library/PrivateFrameworks/CoreEmoji.framework/Versions/A/CoreEmoji
0x00007fff6999a000 	/System/Library/PrivateFrameworks/Lexicon.framework/Versions/A/Lexicon
0x00007fff699e2000 	/System/Library/PrivateFrameworks/LinguisticData.framework/Versions/A/LinguisticData
0x00007fff75b73000 	/usr/lib/libcmph.dylib
0x00007fff5708c000 	/System/Library/Frameworks/ServiceManagement.framework/Versions/A/ServiceManagement
0x00007fff5c860000 	/System/Library/PrivateFrameworks/BackgroundTaskManagement.framework/Versions/A/BackgroundTaskManagement
0x00007fff7820a000 	/usr/lib/libxslt.1.dylib
0x00007fff4a7f8000 	/System/Library/Frameworks/Carbon.framework/Versions/A/Frameworks/Ink.framework/Versions/A/Ink
0x00007fff733f7000 	/System/Library/PrivateFrameworks/TextureIO.framework/Versions/A/TextureIO
0x00007fff7598a000 	/usr/lib/libate.dylib
0x00007fff6057e000 	/System/Library/PrivateFrameworks/CrashReporterSupport.framework/Versions/A/CrashReporterSupport
0x00007fff70423000 	/System/Library/PrivateFrameworks/Sharing.framework/Versions/A/Sharing
0x00007fff5c3ec000 	/System/Library/PrivateFrameworks/AuthKit.framework/Versions/A/AuthKit
0x00007fff5b810000 	/System/Library/PrivateFrameworks/Apple80211.framework/Versions/A/Apple80211
0x00007fff6033e000 	/System/Library/PrivateFrameworks/CoreUtils.framework/Versions/A/CoreUtils
0x00007fff4d0c1000 	/System/Library/Frameworks/CoreWLAN.framework/Versions/A/CoreWLAN
0x00007fff4db2b000 	/System/Library/Frameworks/IOBluetooth.framework/Versions/A/IOBluetooth
0x00007fff6e750000 	/System/Library/PrivateFrameworks/ProtocolBuffer.framework/Versions/A/ProtocolBuffer
0x00007fff6a9a9000 	/System/Library/PrivateFrameworks/MobileKeyBag.framework/Versions/A/MobileKeyBag
0x00007fff5fb61000 	/System/Library/PrivateFrameworks/CorePhoneNumbers.framework/Versions/A/CorePhoneNumbers
0x00007fff5bc25000 	/System/Library/PrivateFrameworks/AppleIDAuthSupport.framework/Versions/A/AppleIDAuthSupport
0x00007fff69874000 	/System/Library/PrivateFrameworks/KeychainCircle.framework/Versions/A/KeychainCircle
0x00007fff6e91d000 	/System/Library/PrivateFrameworks/ROCKit.framework/Versions/A/ROCKit
0x00007fff6051a000 	/System/Library/PrivateFrameworks/CoreWiFi.framework/Versions/A/CoreWiFi
0x00007fff4ad65000 	/System/Library/Frameworks/CoreBluetooth.framework/Versions/A/CoreBluetooth
0x00007fff6076e000 	/System/Library/PrivateFrameworks/DebugSymbols.framework/Versions/A/DebugSymbols
0x00007fff600f3000 	/System/Library/PrivateFrameworks/CoreSymbolication.framework/Versions/A/CoreSymbolication
0x00007fff72be2000 	/System/Library/PrivateFrameworks/Symbolication.framework/Versions/A/Symbolication
0x00007fff71d75000 	/System/Library/PrivateFrameworks/SpeechRecognitionCore.framework/Versions/A/SpeechRecognitionCore
0x0000000110000000 	/Library/Java/JavaVirtualMachines/jdk1.8.0_181.jdk/Contents/Home/jre/lib/server/libjvm.dylib
0x00007fff77fd4000 	/usr/lib/libstdc++.6.dylib
0x000000010ee7a000 	/Library/Java/JavaVirtualMachines/jdk1.8.0_181.jdk/Contents/Home/jre/lib/libverify.dylib
0x000000010ee88000 	/Library/Java/JavaVirtualMachines/jdk1.8.0_181.jdk/Contents/Home/jre/lib/libjava.dylib
0x000000010eebf000 	/Library/Java/JavaVirtualMachines/jdk1.8.0_181.jdk/Contents/Home/jre/lib/libjdwp.dylib
0x000000010ef0a000 	/Library/Java/JavaVirtualMachines/jdk1.8.0_181.jdk/Contents/Home/jre/lib/libnpt.dylib
0x000000010ef0e000 	/Library/Java/JavaVirtualMachines/jdk1.8.0_181.jdk/Contents/Home/jre/lib/libinstrument.dylib
0x000000010efac000 	/Library/Java/JavaVirtualMachines/jdk1.8.0_181.jdk/Contents/Home/jre/lib/libzip.dylib
0x0000000115007000 	/Library/Java/JavaVirtualMachines/jdk1.8.0_181.jdk/Contents/Home/jre/lib/libdt_socket.dylib

VM Arguments:
jvm_args: -agentlib:jdwp=transport=dt_socket,suspend=y,address=localhost:49830 -javaagent:/Users/Yasini/eclipse/java-2018-09/Eclipse.app/Contents/Eclipse/configuration/org.eclipse.osgi/231/0/.cp/lib/javaagent-shaded.jar -Dfile.encoding=UTF-8 
java_command: HasTeen
java_class_path (initial): /Users/Yasini/Google Drive/Java_Selenium_Workspace/Java/1-Assignments/bin:/Users/Yasini/eclipse/java-2018-09/Eclipse.app/Contents/Eclipse/configuration/org.eclipse.osgi/231/0/.cp/lib/javaagent-shaded.jar
Launcher Type: SUN_STANDARD

Environment Variables:
PATH=/usr/bin:/bin:/usr/sbin:/sbin
SHELL=/bin/bash

Signal Handlers:
SIGSEGV: [libjvm.dylib+0x5b6029], sa_mask[0]=11111111011111110111111111111111, sa_flags=SA_ONSTACK|SA_RESTART|SA_SIGINFO
SIGBUS: [libjvm.dylib+0x5b6029], sa_mask[0]=11111111011111110111111111111111, sa_flags=SA_RESTART|SA_SIGINFO
SIGFPE: [libjvm.dylib+0x48b934], sa_mask[0]=11111111011111110111111111111111, sa_flags=SA_RESTART|SA_SIGINFO
SIGPIPE: [libjvm.dylib+0x48b934], sa_mask[0]=11111111011111110111111111111111, sa_flags=SA_RESTART|SA_SIGINFO
SIGXFSZ: [libjvm.dylib+0x48b934], sa_mask[0]=11111111011111110111111111111111, sa_flags=SA_RESTART|SA_SIGINFO
SIGILL: [libjvm.dylib+0x48b934], sa_mask[0]=11111111011111110111111111111111, sa_flags=SA_RESTART|SA_SIGINFO
SIGUSR1: SIG_DFL, sa_mask[0]=00000000000000000000000000000000, sa_flags=none
SIGUSR2: [libjvm.dylib+0x48b452], sa_mask[0]=00100000000000000000000000000000, sa_flags=SA_RESTART|SA_SIGINFO
SIGHUP: [libjvm.dylib+0x489a1d], sa_mask[0]=11111111011111110111111111111111, sa_flags=SA_RESTART|SA_SIGINFO
SIGINT: [libjvm.dylib+0x489a1d], sa_mask[0]=11111111011111110111111111111111, sa_flags=SA_RESTART|SA_SIGINFO
SIGTERM: [libjvm.dylib+0x489a1d], sa_mask[0]=11111111011111110111111111111111, sa_flags=SA_RESTART|SA_SIGINFO
SIGQUIT: [libjvm.dylib+0x489a1d], sa_mask[0]=11111111011111110111111111111111, sa_flags=SA_RESTART|SA_SIGINFO


---------------  S Y S T E M  ---------------

OS:Bsduname:Darwin 18.2.0 Darwin Kernel Version 18.2.0: Fri Oct  5 19:41:49 PDT 2018; root:xnu-4903.221.2~2/RELEASE_X86_64 x86_64
rlimit: STACK 8192k, CORE 0k, NPROC 1418, NOFILE 10240, AS infinity
load average:1.97 1.71 1.58

CPU:total 8 (initial active 8) (4 cores per cpu, 2 threads per core) family 6 model 94 stepping 3, cmov, cx8, fxsr, mmx, sse, sse2, sse3, ssse3, sse4.1, sse4.2, popcnt, avx, avx2, aes, clmul, erms, rtm, 3dnowpref, lzcnt, ht, tsc, tscinvbit, bmi1, bmi2, adx

Memory: 4k page, physical 16777216k(2105648k free)

/proc/meminfo:


vm_info: Java HotSpot(TM) 64-Bit Server VM (25.181-b13) for bsd-amd64 JRE (1.8.0_181-b13), built on Jul  7 2018 01:02:31 by "java_re" with gcc 4.2.1 (Based on Apple Inc. build 5658) (LLVM build 2336.11.00)

time: Sat Nov 17 17:51:47 2018
elapsed time: 10187 seconds (0d 2h 49m 47s)

